c:\users\shiri\inf1009\projectfinal\projectfinal\x64\debug\vc143.pdb
c:\users\shiri\inf1009\projectfinal\projectfinal\x64\debug\vc143.idb
c:\users\shiri\inf1009\projectfinal\projectfinal\x64\debug\main.obj
c:\users\shiri\inf1009\projectfinal\projectfinal\x64\debug\listshuttle.obj
c:\users\shiri\inf1009\projectfinal\projectfinal\x64\debug\listpassenger.obj
c:\users\shiri\inf1009\projectfinal\projectfinal\x64\debug\listschedule.obj
c:\users\shiri\inf1009\projectfinal\projectfinal\x64\debug\schedule.obj
c:\users\shiri\inf1009\projectfinal\projectfinal\x64\debug\shuttle.obj
c:\users\shiri\inf1009\projectfinal\projectfinal\x64\debug\passenger.obj
c:\users\shiri\inf1009\projectfinal\projectfinal\x64\debug\transport.obj
c:\users\shiri\inf1009\projectfinal\x64\debug\projectfinal.exe
c:\users\shiri\inf1009\projectfinal\x64\debug\projectfinal.pdb
c:\users\shiri\inf1009\projectfinal\projectfinal\x64\debug\projectfinal.ilk
c:\users\shiri\inf1009\projectfinal\projectfinal\x64\debug\projectfinal.tlog\cl.command.1.tlog
c:\users\shiri\inf1009\projectfinal\projectfinal\x64\debug\projectfinal.tlog\cl.items.tlog
c:\users\shiri\inf1009\projectfinal\projectfinal\x64\debug\projectfinal.tlog\cl.read.1.tlog
c:\users\shiri\inf1009\projectfinal\projectfinal\x64\debug\projectfinal.tlog\cl.write.1.tlog
c:\users\shiri\inf1009\projectfinal\projectfinal\x64\debug\projectfinal.tlog\link.command.1.tlog
c:\users\shiri\inf1009\projectfinal\projectfinal\x64\debug\projectfinal.tlog\link.read.1.tlog
c:\users\shiri\inf1009\projectfinal\projectfinal\x64\debug\projectfinal.tlog\link.secondary.1.tlog
c:\users\shiri\inf1009\projectfinal\projectfinal\x64\debug\projectfinal.tlog\link.write.1.tlog
